10/10/2023 12:19:38 devpinoyLogger Site data properties file is loaded
10/10/2023 12:19:38 devpinoyLogger Object Storage properties file is loaded
10/10/2023 12:19:38 devpinoyLogger Browser will be launching
10/10/2023 12:19:41 devpinoyLogger Chrome browser launched
10/10/2023 12:19:41 devpinoyLogger Window is Maximized
10/10/2023 12:19:41 devpinoyLogger Time unit is defined
10/10/2023 12:19:41 devpinoyLogger Coolies has been deleted
10/10/2023 12:19:42 devpinoyLogger Excel file object has been created...
10/10/2023 12:19:42 devpinoyLogger Tester Name:- Aditya Sonar
10/10/2023 12:19:42 devpinoyLogger Team Name:- TIGER
10/10/2023 12:19:43 devpinoyLogger URL is Loaded..!
10/10/2023 12:19:44 devpinoyLogger User click on Login Button on Home Page
10/10/2023 12:19:44 devpinoyLogger User enter Email/UserName
10/10/2023 12:19:44 devpinoyLogger User enter Password
10/10/2023 12:19:44 devpinoyLogger User LogIN Sucessfully
10/10/2023 12:19:54 devpinoyLogger User click on Spinn Wheels Game
10/10/2023 12:19:57 devpinoyLogger User clear existing amount
10/10/2023 12:19:59 devpinoyLogger User enter amount
10/10/2023 12:19:59 devpinoyLogger User Select Spinn Wheels
10/10/2023 12:20:02 devpinoyLogger User click on Spinn Wheels Button
