09/10/2023 17:25:22 devpinoyLogger Site data properties file is loaded
09/10/2023 17:25:22 devpinoyLogger Object Storage properties file is loaded
09/10/2023 17:25:22 devpinoyLogger Browser will be launching
09/10/2023 17:25:24 devpinoyLogger Chrome browser launched
09/10/2023 17:25:24 devpinoyLogger Window is Maximized
09/10/2023 17:25:24 devpinoyLogger Time unit is defined
09/10/2023 17:25:24 devpinoyLogger Coolies has been deleted
09/10/2023 17:25:25 devpinoyLogger Excel file object has been created...
09/10/2023 17:25:25 devpinoyLogger Tester Name:- Aditya Sonar
09/10/2023 17:25:25 devpinoyLogger Team Name:- TIGER
09/10/2023 17:25:28 devpinoyLogger URL is Loaded..!
09/10/2023 17:25:28 devpinoyLogger User click on Login Button on Home Page
09/10/2023 17:25:28 devpinoyLogger User enter Email/UserName
09/10/2023 17:25:28 devpinoyLogger User enter Password
09/10/2023 17:25:28 devpinoyLogger User LogIN Sucessfully
09/10/2023 17:25:43 devpinoyLogger User click on Spinn Wheels Game
09/10/2023 17:25:46 devpinoyLogger User clear existing amount
09/10/2023 17:25:48 devpinoyLogger User enter amount
09/10/2023 17:25:48 devpinoyLogger User Select Spinn Wheels
09/10/2023 17:25:49 devpinoyLogger User click on Spinn Wheels Button
